Internal ctest changing into directory: D:/projects/misis2023f-23-check/misis2024s-23-02-moskvin-v-a/build.check
Test project D:/projects/misis2023f-23-check/misis2024s-23-02-moskvin-v-a/build.check
      Start  1: doctest_bitset
      Start  2: doctest_bitset_m
      Start  3: doctest_complex
Could not find executable D:/projects/misis2023f-23-check/misis2024s-23-02-moskvin-v-a/bin.check/doctest_complex.exe
Looked in the following places:
D:/projects/misis2023f-23-check/misis2024s-23-02-moskvin-v-a/bin.check/doctest_complex.exe
D:/projects/misis2023f-23-check/misis2024s-23-02-moskvin-v-a/bin.check/doctest_complex.exe.exe
D:/projects/misis2023f-23-check/misis2024s-23-02-moskvin-v-a/bin.check/Release/doctest_complex.exe
D:/projects/misis2023f-23-check/misis2024s-23-02-moskvin-v-a/bin.check/Release/doctest_complex.exe.exe
Release/D:/projects/misis2023f-23-check/misis2024s-23-02-moskvin-v-a/bin.check/doctest_complex.exe
Release/D:/projects/misis2023f-23-check/misis2024s-23-02-moskvin-v-a/bin.check/doctest_complex.exe.exe
 1/20 Test  #3: doctest_complex ..................***Not Run   0.00 sec
      Start  4: doctest_complex_io
      Start  5: doctest_complex_m
      Start  6: doctest_rational
Could not find executable D:/projects/misis2023f-23-check/misis2024s-23-02-moskvin-v-a/bin.check/doctest_rational.exe
Looked in the following places:
D:/projects/misis2023f-23-check/misis2024s-23-02-moskvin-v-a/bin.check/doctest_rational.exe
D:/projects/misis2023f-23-check/misis2024s-23-02-moskvin-v-a/bin.check/doctest_rational.exe.exe
D:/projects/misis2023f-23-check/misis2024s-23-02-moskvin-v-a/bin.check/Release/doctest_rational.exe
D:/projects/misis2023f-23-check/misis2024s-23-02-moskvin-v-a/bin.check/Release/doctest_rational.exe.exe
Release/D:/projects/misis2023f-23-check/misis2024s-23-02-moskvin-v-a/bin.check/doctest_rational.exe
Release/D:/projects/misis2023f-23-check/misis2024s-23-02-moskvin-v-a/bin.check/doctest_rational.exe.exe
 2/20 Test  #6: doctest_rational .................***Not Run   0.00 sec
      Start  7: doctest_rational_io
      Start  8: doctest_rational_m
      Start  9: doctest_dynarr
Could not find executable D:/projects/misis2023f-23-check/misis2024s-23-02-moskvin-v-a/bin.check/doctest_dynarr.exe
Looked in the following places:
D:/projects/misis2023f-23-check/misis2024s-23-02-moskvin-v-a/bin.check/doctest_dynarr.exe
D:/projects/misis2023f-23-check/misis2024s-23-02-moskvin-v-a/bin.check/doctest_dynarr.exe.exe
D:/projects/misis2023f-23-check/misis2024s-23-02-moskvin-v-a/bin.check/Release/doctest_dynarr.exe
D:/projects/misis2023f-23-check/misis2024s-23-02-moskvin-v-a/bin.check/Release/doctest_dynarr.exe.exe
Release/D:/projects/misis2023f-23-check/misis2024s-23-02-moskvin-v-a/bin.check/doctest_dynarr.exe
Release/D:/projects/misis2023f-23-check/misis2024s-23-02-moskvin-v-a/bin.check/doctest_dynarr.exe.exe
 3/20 Test  #9: doctest_dynarr ...................***Not Run   0.00 sec
      Start 10: doctest_dynarr_m
      Start 11: doctest_queuearr
Could not find executable D:/projects/misis2023f-23-check/misis2024s-23-02-moskvin-v-a/bin.check/doctest_queuearr.exe
Looked in the following places:
D:/projects/misis2023f-23-check/misis2024s-23-02-moskvin-v-a/bin.check/doctest_queuearr.exe
D:/projects/misis2023f-23-check/misis2024s-23-02-moskvin-v-a/bin.check/doctest_queuearr.exe.exe
D:/projects/misis2023f-23-check/misis2024s-23-02-moskvin-v-a/bin.check/Release/doctest_queuearr.exe
D:/projects/misis2023f-23-check/misis2024s-23-02-moskvin-v-a/bin.check/Release/doctest_queuearr.exe.exe
Release/D:/projects/misis2023f-23-check/misis2024s-23-02-moskvin-v-a/bin.check/doctest_queuearr.exe
Release/D:/projects/misis2023f-23-check/misis2024s-23-02-moskvin-v-a/bin.check/doctest_queuearr.exe.exe
 4/20 Test #11: doctest_queuearr .................***Not Run   0.00 sec
      Start 12: doctest_queuearr_m
Could not find executable D:/projects/misis2023f-23-check/misis2024s-23-02-moskvin-v-a/bin.check/doctest_queuearr_m.exe
Looked in the following places:
D:/projects/misis2023f-23-check/misis2024s-23-02-moskvin-v-a/bin.check/doctest_queuearr_m.exe
D:/projects/misis2023f-23-check/misis2024s-23-02-moskvin-v-a/bin.check/doctest_queuearr_m.exe.exe
D:/projects/misis2023f-23-check/misis2024s-23-02-moskvin-v-a/bin.check/Release/doctest_queuearr_m.exe
D:/projects/misis2023f-23-check/misis2024s-23-02-moskvin-v-a/bin.check/Release/doctest_queuearr_m.exe.exe
Release/D:/projects/misis2023f-23-check/misis2024s-23-02-moskvin-v-a/bin.check/doctest_queuearr_m.exe
Release/D:/projects/misis2023f-23-check/misis2024s-23-02-moskvin-v-a/bin.check/doctest_queuearr_m.exe.exe
 5/20 Test #12: doctest_queuearr_m ...............***Not Run   0.00 sec
      Start 13: doctest_queuelst
Could not find executable D:/projects/misis2023f-23-check/misis2024s-23-02-moskvin-v-a/bin.check/doctest_queuelst.exe
Looked in the following places:
D:/projects/misis2023f-23-check/misis2024s-23-02-moskvin-v-a/bin.check/doctest_queuelst.exe
D:/projects/misis2023f-23-check/misis2024s-23-02-moskvin-v-a/bin.check/doctest_queuelst.exe.exe
D:/projects/misis2023f-23-check/misis2024s-23-02-moskvin-v-a/bin.check/Release/doctest_queuelst.exe
D:/projects/misis2023f-23-check/misis2024s-23-02-moskvin-v-a/bin.check/Release/doctest_queuelst.exe.exe
Release/D:/projects/misis2023f-23-check/misis2024s-23-02-moskvin-v-a/bin.check/doctest_queuelst.exe
Release/D:/projects/misis2023f-23-check/misis2024s-23-02-moskvin-v-a/bin.check/doctest_queuelst.exe.exe
 6/20 Test #13: doctest_queuelst .................***Not Run   0.00 sec
      Start 14: doctest_queuelst_m
Could not find executable D:/projects/misis2023f-23-check/misis2024s-23-02-moskvin-v-a/bin.check/doctest_queuelst_m.exe
Looked in the following places:
D:/projects/misis2023f-23-check/misis2024s-23-02-moskvin-v-a/bin.check/doctest_queuelst_m.exe
D:/projects/misis2023f-23-check/misis2024s-23-02-moskvin-v-a/bin.check/doctest_queuelst_m.exe.exe
D:/projects/misis2023f-23-check/misis2024s-23-02-moskvin-v-a/bin.check/Release/doctest_queuelst_m.exe
D:/projects/misis2023f-23-check/misis2024s-23-02-moskvin-v-a/bin.check/Release/doctest_queuelst_m.exe.exe
Release/D:/projects/misis2023f-23-check/misis2024s-23-02-moskvin-v-a/bin.check/doctest_queuelst_m.exe
Release/D:/projects/misis2023f-23-check/misis2024s-23-02-moskvin-v-a/bin.check/doctest_queuelst_m.exe.exe
 7/20 Test #14: doctest_queuelst_m ...............***Not Run   0.00 sec
      Start 15: doctest_queuelstpr
Could not find executable D:/projects/misis2023f-23-check/misis2024s-23-02-moskvin-v-a/bin.check/doctest_queuelstpr.exe
Looked in the following places:
D:/projects/misis2023f-23-check/misis2024s-23-02-moskvin-v-a/bin.check/doctest_queuelstpr.exe
D:/projects/misis2023f-23-check/misis2024s-23-02-moskvin-v-a/bin.check/doctest_queuelstpr.exe.exe
D:/projects/misis2023f-23-check/misis2024s-23-02-moskvin-v-a/bin.check/Release/doctest_queuelstpr.exe
D:/projects/misis2023f-23-check/misis2024s-23-02-moskvin-v-a/bin.check/Release/doctest_queuelstpr.exe.exe
Release/D:/projects/misis2023f-23-check/misis2024s-23-02-moskvin-v-a/bin.check/doctest_queuelstpr.exe
Release/D:/projects/misis2023f-23-check/misis2024s-23-02-moskvin-v-a/bin.check/doctest_queuelstpr.exe.exe
 8/20 Test #15: doctest_queuelstpr ...............***Not Run   0.00 sec
      Start 16: doctest_queuelstpr_m
Could not find executable D:/projects/misis2023f-23-check/misis2024s-23-02-moskvin-v-a/bin.check/doctest_queuelstpr_m.exe
Looked in the following places:
D:/projects/misis2023f-23-check/misis2024s-23-02-moskvin-v-a/bin.check/doctest_queuelstpr_m.exe
D:/projects/misis2023f-23-check/misis2024s-23-02-moskvin-v-a/bin.check/doctest_queuelstpr_m.exe.exe
D:/projects/misis2023f-23-check/misis2024s-23-02-moskvin-v-a/bin.check/Release/doctest_queuelstpr_m.exe
D:/projects/misis2023f-23-check/misis2024s-23-02-moskvin-v-a/bin.check/Release/doctest_queuelstpr_m.exe.exe
Release/D:/projects/misis2023f-23-check/misis2024s-23-02-moskvin-v-a/bin.check/doctest_queuelstpr_m.exe
Release/D:/projects/misis2023f-23-check/misis2024s-23-02-moskvin-v-a/bin.check/doctest_queuelstpr_m.exe.exe
 9/20 Test #16: doctest_queuelstpr_m .............***Not Run   0.00 sec
      Start 17: doctest_stackarr
Could not find executable D:/projects/misis2023f-23-check/misis2024s-23-02-moskvin-v-a/bin.check/doctest_stackarr.exe
Looked in the following places:
D:/projects/misis2023f-23-check/misis2024s-23-02-moskvin-v-a/bin.check/doctest_stackarr.exe
D:/projects/misis2023f-23-check/misis2024s-23-02-moskvin-v-a/bin.check/doctest_stackarr.exe.exe
D:/projects/misis2023f-23-check/misis2024s-23-02-moskvin-v-a/bin.check/Release/doctest_stackarr.exe
D:/projects/misis2023f-23-check/misis2024s-23-02-moskvin-v-a/bin.check/Release/doctest_stackarr.exe.exe
Release/D:/projects/misis2023f-23-check/misis2024s-23-02-moskvin-v-a/bin.check/doctest_stackarr.exe
Release/D:/projects/misis2023f-23-check/misis2024s-23-02-moskvin-v-a/bin.check/doctest_stackarr.exe.exe
10/20 Test #17: doctest_stackarr .................***Not Run   0.00 sec
      Start 18: doctest_stackarr_m
Could not find executable D:/projects/misis2023f-23-check/misis2024s-23-02-moskvin-v-a/bin.check/doctest_stackarr_m.exe
Looked in the following places:
D:/projects/misis2023f-23-check/misis2024s-23-02-moskvin-v-a/bin.check/doctest_stackarr_m.exe
D:/projects/misis2023f-23-check/misis2024s-23-02-moskvin-v-a/bin.check/doctest_stackarr_m.exe.exe
D:/projects/misis2023f-23-check/misis2024s-23-02-moskvin-v-a/bin.check/Release/doctest_stackarr_m.exe
D:/projects/misis2023f-23-check/misis2024s-23-02-moskvin-v-a/bin.check/Release/doctest_stackarr_m.exe.exe
Release/D:/projects/misis2023f-23-check/misis2024s-23-02-moskvin-v-a/bin.check/doctest_stackarr_m.exe
Release/D:/projects/misis2023f-23-check/misis2024s-23-02-moskvin-v-a/bin.check/doctest_stackarr_m.exe.exe
11/20 Test #18: doctest_stackarr_m ...............***Not Run   0.00 sec
      Start 19: doctest_stacklst
Could not find executable D:/projects/misis2023f-23-check/misis2024s-23-02-moskvin-v-a/bin.check/doctest_stacklst.exe
Looked in the following places:
D:/projects/misis2023f-23-check/misis2024s-23-02-moskvin-v-a/bin.check/doctest_stacklst.exe
D:/projects/misis2023f-23-check/misis2024s-23-02-moskvin-v-a/bin.check/doctest_stacklst.exe.exe
D:/projects/misis2023f-23-check/misis2024s-23-02-moskvin-v-a/bin.check/Release/doctest_stacklst.exe
D:/projects/misis2023f-23-check/misis2024s-23-02-moskvin-v-a/bin.check/Release/doctest_stacklst.exe.exe
Release/D:/projects/misis2023f-23-check/misis2024s-23-02-moskvin-v-a/bin.check/doctest_stacklst.exe
Release/D:/projects/misis2023f-23-check/misis2024s-23-02-moskvin-v-a/bin.check/doctest_stacklst.exe.exe
12/20 Test #19: doctest_stacklst .................***Not Run   0.00 sec
      Start 20: doctest_stacklst_m
Could not find executable D:/projects/misis2023f-23-check/misis2024s-23-02-moskvin-v-a/bin.check/doctest_stacklst_m.exe
Looked in the following places:
D:/projects/misis2023f-23-check/misis2024s-23-02-moskvin-v-a/bin.check/doctest_stacklst_m.exe
D:/projects/misis2023f-23-check/misis2024s-23-02-moskvin-v-a/bin.check/doctest_stacklst_m.exe.exe
D:/projects/misis2023f-23-check/misis2024s-23-02-moskvin-v-a/bin.check/Release/doctest_stacklst_m.exe
D:/projects/misis2023f-23-check/misis2024s-23-02-moskvin-v-a/bin.check/Release/doctest_stacklst_m.exe.exe
Release/D:/projects/misis2023f-23-check/misis2024s-23-02-moskvin-v-a/bin.check/doctest_stacklst_m.exe
Release/D:/projects/misis2023f-23-check/misis2024s-23-02-moskvin-v-a/bin.check/doctest_stacklst_m.exe.exe
13/20 Test #20: doctest_stacklst_m ...............***Not Run   0.00 sec
14/20 Test  #1: doctest_bitset ...................***Failed    0.03 sec
15/20 Test  #2: doctest_bitset_m .................   Passed    0.03 sec
16/20 Test  #4: doctest_complex_io ...............   Passed    0.02 sec
17/20 Test  #5: doctest_complex_m ................***Failed    0.02 sec
18/20 Test  #7: doctest_rational_io ..............***Failed    0.02 sec
19/20 Test  #8: doctest_rational_m ...............   Passed    0.02 sec
20/20 Test #10: doctest_dynarr_m .................***Failed    0.01 sec

15% tests passed, 17 tests failed out of 20

Total Test time (real) =   0.04 sec

The following tests FAILED:
	  1 - doctest_bitset (Failed)
	  3 - doctest_complex (Not Run)
	  5 - doctest_complex_m (Failed)
	  6 - doctest_rational (Not Run)
	  7 - doctest_rational_io (Failed)
	  9 - doctest_dynarr (Not Run)
	 10 - doctest_dynarr_m (Failed)
	 11 - doctest_queuearr (Not Run)
	 12 - doctest_queuearr_m (Not Run)
	 13 - doctest_queuelst (Not Run)
	 14 - doctest_queuelst_m (Not Run)
	 15 - doctest_queuelstpr (Not Run)
	 16 - doctest_queuelstpr_m (Not Run)
	 17 - doctest_stackarr (Not Run)
	 18 - doctest_stackarr_m (Not Run)
	 19 - doctest_stacklst (Not Run)
	 20 - doctest_stacklst_m (Not Run)
